<?xml version="1.0" encoding="UTF-8"?>
<!-- Generated by org.testng.reporters.JUnitReportReporter -->
<testsuite hostname="Jaspreet" failures="0" tests="1" name="HeatmapClickmap.HandC.HomePage1" time="27.752" errors="0" timestamp="2024-12-10T16:57:25 EST" skipped="0">
  <testcase classname="HeatmapClickmap.HandC.HomePage1" name="testCase" time="27.752"/>
</testsuite> <!-- HeatmapClickmap.HandC.HomePage1 -->
