<?xml version="1.0" encoding="UTF-8"?>
<!-- Generated by org.testng.reporters.JUnitReportReporter -->
<testsuite hostname="Jaspreet" failures="0" tests="1" name="HeatmapClickmap.HandC.HomePage1" time="30.096" errors="0" timestamp="2025-02-11T13:22:39 EST" skipped="0">
  <testcase classname="HeatmapClickmap.HandC.HomePage1" name="testCase" time="30.096"/>
</testsuite> <!-- HeatmapClickmap.HandC.HomePage1 -->
