<?xml version="1.0" encoding="UTF-8"?>
<!-- Generated by org.testng.reporters.JUnitReportReporter -->
<testsuite hostname="Jaspreet" failures="0" tests="1" name="HeatmapClickmap.HandC.HomePageTest" time="28.586" errors="0" timestamp="2025-02-14T14:09:07 EST" skipped="0">
  <testcase classname="HeatmapClickmap.HandC.HomePageTest" name="testCase" time="28.586"/>
</testsuite> <!-- HeatmapClickmap.HandC.HomePageTest -->
